mkdir -p D1/D2/D3

find D1 -type d

D1 D1/D2 D1/D2/D3



touch D1/D2/file.txt

ls -la D1/D2/file.txt

-rw-r--r-- 1 eltex-v14 eltex-v14 0 Jul 10 11:32 D1/D2/file.txt



vi D1/D2/file.txt

cat D1/D2/file.txt 

hello i am max



cd D1/D2/D3/

ln ../file.txt hardlink.txt
ln -s ../file.txt symlink.txt



ls -la D1/D2/D3/

total 12 drwxr-xr-x 2 eltex-v14 eltex-v14 4096 Jul 11 11:01 . drwxr-xr-x 3 eltex-v14 eltex-v14 4096 Jul 10 11:36 .. -rw-r--r-- 2 eltex-v14 eltex-v14 15 Jul 10 11:36 hardlink.txt lrwxrwxrwx 1 eltex-v14 eltex-v14 11 Jul 11 11:01 symlink.txt -> ../file.txt

ls -li D1/D2/file.txt 

1059599 -rw-r--r-- 2 eltex-v14 eltex-v14 15 Jul 10 11:36 D1/D2/file.txt

ls -li D1/D2/D3/hardlink.txt 

1059599 -rw-r--r-- 2 eltex-v14 eltex-v14 15 Jul 10 11:36 D1/D2/D3/hardlink.txt

ls -li D1/D2/D3/symlink.txt 

1055925 lrwxrwxrwx 1 eltex-v14 eltex-v14 11 Jul 11 11:01 D1/D2/D3/symlink.txt -> ../file.txt

cd D1/D2/D3

cat hardlink.txt 

hello
i
am
max

cat symlink.txt 

hello
i
am
max



mv D1/D2/file.txt D1/

ls -la D1/file.txt 

-rw-r--r-- 2 eltex-v14 eltex-v14 15 Jul 10 11:36 D1/file.txt

ls -la D1/D2/file.txt 

ls: cannot access 'D1/D2/file.txt': No such file or directory



cat  D1/D2/D3/hardlink.txt 

hello
i
am
max

cat  D1/D2/D3/symlink.txt 

cat: D1/D2/D3/symlink.txt: No such file or directory



rm -rf D1/D2/

ls -la D1/D2/

ls: cannot access 'D1/D2/': No such file or directory

ls -la D1/file.txt 

-rw-r--r-- 1 eltex-v14 eltex-v14 15 Jul 10 11:36 D1/file.txt

cat D1/file.txt 

hello
i
am
max

ls -la D1/D2/D3

ls: cannot access 'D1/D2/D3': No such file or directory



echo "find / -type f -size +20M 2>/dev/null" >> eltex-v14_part3.log

/usr/bin/x86_64-linux-gnu-lto-dump-12 /usr/lib/gcc/x86_64-linux-gnu/12/lto1 /usr/lib/gcc/x86_64-linux-gnu/12/cc1 /usr/lib/x86_64-linux-gnu/libicudata.so.72.1 /proc/kcore /boot/initrd.img-6.1.0-44-amd64 /boot/initrd.img-6.1.0-50-amd64 /var/log/btmp.1 /var/log/journal/8247b53b6ae84ae0ad9bb1c96113fd29/system@4f44ef78d53d4cd0a5555898b8d0015b-00000000000db8c9-000653f1df947936.journal /var/log/journal/8247b53b6ae84ae0ad9bb1c96113fd29/system@4f44ef78d53d4cd0a5555898b8d0015b-000000000012bd18-0006541efb4e910b.journal /var/log/journal/8247b53b6ae84ae0ad9bb1c96113fd29/system@4f44ef78d53d4cd0a5555898b8d0015b-000000000013b06c-000654303a1201f5.journal /var/log/journal/8247b53b6ae84ae0ad9bb1c96113fd29/system@4f44ef78d53d4cd0a5555898b8d0015b-00000000000bb4ae-000653e0e464fbba.journal /var/log/journal/8247b53b6ae84ae0ad9bb1c96113fd29/system@4f44ef78d53d4cd0a5555898b8d0015b-000000000011beb5-000654152c40ea73.journal /var/log/journal/8247b53b6ae84ae0ad9bb1c96113fd29/system@000654e914b0fb5f-f20d94ab522960d7.journal~ /var/log/journal/8247b53b6ae84ae0ad9bb1c96113fd29/system@4f44ef78d53d4cd0a5555898b8d0015b-000000000014a0db-000654440c96a329.journal /var/log/journal/8247b53b6ae84ae0ad9bb1c96113fd29/system@4f44ef78d53d4cd0a5555898b8d0015b-000000000008bb32-000653c297309edc.journal /var/log/journal/8247b53b6ae84ae0ad9bb1c96113fd29/system@4f44ef78d53d4cd0a5555898b8d0015b-000000000006c613-000653aba9b1991f.journal /var/log/journal/8247b53b6ae84ae0ad9bb1c96113fd29/system@4f44ef78d53d4cd0a5555898b8d0015b-000000000009b91d-000653cc93c81e56.journal /var/log/journal/8247b53b6ae84ae0ad9bb1c96113fd29/system@4f44ef78d53d4cd0a5555898b8d0015b-00000000000fbec9-0006540279fb0af2.journal /var/log/journal/8247b53b6ae84ae0ad9bb1c96113fd29/system@4f44ef78d53d4cd0a5555898b8d0015b-00000000000ab4ea-000653d77c5c1149.journal /var/log/journal/8247b53b6ae84ae0ad9bb1c96113fd29/system@4f44ef78d53d4cd0a5555898b8d0015b-000000000007c1cf-000653b69ef32fa6.journal /var/log/journal/8247b53b6ae84ae0ad9bb1c96113fd29/system@4f44ef78d53d4cd0a5555898b8d0015b-000000000010c0ec-0006540b1cd179ef.journal /var/log/journal/8247b53b6ae84ae0ad9bb1c96113fd29/system@4f44ef78d53d4cd0a5555898b8d0015b-00000000000cb658-000653e97bef6d7f.journal /var/log/journal/8247b53b6ae84ae0ad9bb1c96113fd29/system@4f44ef78d53d4cd0a5555898b8d0015b-00000000000ebb8b-000653fa31acb7c1.journal /var/cache/apt/srcpkgcache.bin /var/cache/apt/pkgcache.bin /var/lib/apt/lists/deb.debian.org_debian_dists_bookworm_main_binary-amd64_Packages /var/lib/apt/lists/deb.debian.org_debian_dists_bookworm_main_source_Sources /var/lib/apt/lists/deb.debian.org_debian_dists_bookworm_main_i18n_Translation-en

find / -type f -size +20M -exec ls -lh {} \; 2>/dev/null


-rwxr-xr-x 1 root root 31M Apr 7 2025 /usr/bin/x86_64-linux-gnu-lto-dump-12 -rwxr-xr-x 1 root root 31M Apr 7 2025 /usr/lib/gcc/x86_64-linux-gnu/12/lto1 -rwxr-xr-x 1 root root 32M Apr 7 2025 /usr/lib/gcc/x86_64-linux-gnu/12/cc1 -rw-r--r-- 1 root root 30M Jun 23 2025 /usr/lib/x86_64-linux-gnu/libicudata.so.72.1 -r-------- 1 root root 128T Jul 9 22:01 /proc/kcore -rw-r--r-- 1 root root 33M Mar 26 07:48 /boot/initrd.img-6.1.0-44-amd64 -rw-r--r-- 1 root root 33M Jul 6 03:14 /boot/initrd.img-6.1.0-50-amd64 -rw-rw---- 1 root utmp 163M Jun 17 00:36 /var/log/btmp.1 -rw-r-----+ 1 root systemd-journal 44M Jun 11 20:18 /var/log/journal/8247b53b6ae84ae0ad9bb1c96113fd29/system@4f44ef78d53d4cd0a5555898b8d0015b-00000000000db8c9-000653f1df947936.journal -rw-r-----+ 1 root systemd-journal 44M Jun 14 12:46 /var/log/journal/8247b53b6ae84ae0ad9bb1c96113fd29/system@4f44ef78d53d4cd0a5555898b8d0015b-000000000012bd18-0006541efb4e910b.journal -rw-r-----+ 1 root systemd-journal 43M Jun 15 12:25 /var/log/journal/8247b53b6ae84ae0ad9bb1c96113fd29/system@4f44ef78d53d4cd0a5555898b8d0015b-000000000013b06c-000654303a1201f5.journal -rw-r-----+ 1 root systemd-journal 44M Jun 11 00:22 /var/log/journal/8247b53b6ae84ae0ad9bb1c96113fd29/system@4f44ef78d53d4cd0a5555898b8d0015b-00000000000bb4ae-000653e0e464fbba.journal -rw-r-----+ 1 root systemd-journal 44M Jun 13 16:11 /var/log/journal/8247b53b6ae84ae0ad9bb1c96113fd29/system@4f44ef78d53d4cd0a5555898b8d0015b-000000000011beb5-000654152c40ea73.journal -rw-r-----+ 1 root systemd-journal 32M Jun 23 10:17 /var/log/journal/8247b53b6ae84ae0ad9bb1c96113fd29/system@000654e914b0fb5f-f20d94ab522960d7.journal~ -rw-r-----+ 1 root systemd-journal 43M Jun 16 11:46 /var/log/journal/8247b53b6ae84ae0ad9bb1c96113fd29/system@4f44ef78d53d4cd0a5555898b8d0015b-000000000014a0db-000654440c96a329.journal -rw-r-----+ 1 root systemd-journal 44M Jun 9 13:52 /var/log/journal/8247b53b6ae84ae0ad9bb1c96113fd29/system@4f44ef78d53d4cd0a5555898b8d0015b-000000000008bb32-000653c297309edc.journal -rw-r-----+ 1 root systemd-journal 44M Jun 8 11:41 /var/log/journal/8247b53b6ae84ae0ad9bb1c96113fd29/system@4f44ef78d53d4cd0a5555898b8d0015b-000000000006c613-000653aba9b1991f.journal -rw-r-----+ 1 root systemd-journal 44M Jun 10 02:53 /var/log/journal/8247b53b6ae84ae0ad9bb1c96113fd29/system@4f44ef78d53d4cd0a5555898b8d0015b-000000000009b91d-000653cc93c81e56.journal -rw-r-----+ 1 root systemd-journal 44M Jun 12 16:29 /var/log/journal/8247b53b6ae84ae0ad9bb1c96113fd29/system@4f44ef78d53d4cd0a5555898b8d0015b-00000000000fbec9-0006540279fb0af2.journal -rw-r-----+ 1 root systemd-journal 44M Jun 10 14:07 /var/log/journal/8247b53b6ae84ae0ad9bb1c96113fd29/system@4f44ef78d53d4cd0a5555898b8d0015b-00000000000ab4ea-000653d77c5c1149.journal -rw-r-----+ 1 root systemd-journal 44M Jun 9 01:58 /var/log/journal/8247b53b6ae84ae0ad9bb1c96113fd29/system@4f44ef78d53d4cd0a5555898b8d0015b-000000000007c1cf-000653b69ef32fa6.journal -rw-r-----+ 1 root systemd-journal 44M Jun 13 04:29 /var/log/journal/8247b53b6ae84ae0ad9bb1c96113fd29/system@4f44ef78d53d4cd0a5555898b8d0015b-000000000010c0ec-0006540b1cd179ef.journal -rw-r-----+ 1 root systemd-journal 44M Jun 11 10:22 /var/log/journal/8247b53b6ae84ae0ad9bb1c96113fd29/system@4f44ef78d53d4cd0a5555898b8d0015b-00000000000cb658-000653e97bef6d7f.journal -rw-r-----+ 1 root systemd-journal 44M Jun 12 06:11 /var/log/journal/8247b53b6ae84ae0ad9bb1c96113fd29/system@4f44ef78d53d4cd0a5555898b8d0015b-00000000000ebb8b-000653fa31acb7c1.journal -rw-r--r-- 1 root root 39M Jul 6 03:16 /var/cache/apt/srcpkgcache.bin -rw-r--r-- 1 root root 39M Jul 6 03:16 /var/cache/apt/pkgcache.bin -rw-r--r-- 1 root root 48M May 16 17:31 /var/lib/apt/lists/deb.debian.org_debian_dists_bookworm_main_binary-amd64_Packages -rw-r--r-- 1 root root 49M May 16 17:31 /var/lib/apt/lists/deb.debian.org_debian_dists_bookworm_main_source_Sources -rw-r--r-- 1 root root 32M May 16 17:31 /var/lib/apt/lists/deb.debian.org_debian_dists_bookworm_main_i18n_Translation-en

du -h /usr/bin/x86_64-linux-gnu-lto-dump-12 

31M     /usr/bin/x86_64-linux-gnu-lto-dump-12



find ~ -type f -mtime -1 -exec ls -lh {} \;

-rw------- 1 eltex-v14 eltex-v14 11K Jul 11 12:47 /home/eltex-v14/.viminfo
-rw-r--r-- 1 eltex-v14 eltex-v14 2.6K Jul 11 12:46 /home/eltex-v14/eltex-v14_part3_gt20M.log
-rw------- 1 eltex-v14 eltex-v14 13K Jul 11 11:32 /home/eltex-v14/.bash_history
-rw-r--r-- 1 eltex-v14 eltex-v14 8.3K Jul 11 12:46 /home/eltex-v14/eltex-v14_part3.log



which find

/usr/bin/find

whereis find

find: /usr/bin/find /usr/share/man/man1/find.1.gz /usr/share/info/find.info-1.gz /usr/share/info/find.info-2.gz /usr/share/info/find.info.gz



file $(which find)

/usr/bin/find: ELF 64-bit LSB pie executable, x86-64, version 1 (SYSV), dynamically linked, interpreter /lib64/ld-linux-x86-64.so.2, BuildID[sha1]=5545a6c7162d325fbe5ffabcbfe4e5521b66ce70, for GNU/Linux 3.2.0, stripped



file /boot/initrd.img*

/boot/initrd.img-6.1.0-44-amd64: ASCII cpio archive (SVR4 with no CRC)
/boot/initrd.img-6.1.0-50-amd64: ASCII cpio archive (SVR4 with no CRC)

ls -lh /boot/initrd.img*

-rw-r--r-- 1 root root 33M Mar 26 07:48 /boot/initrd.img-6.1.0-44-amd64
-rw-r--r-- 1 root root 33M Jul  6 03:14 /boot/initrd.img-6.1.0-50-amd64

