--Modul1 Part2--

ls [TAB] [TAB] || ls /usr/bin/ls* >> eltex-v14_part.log

/usr/bin/ls
/usr/bin/lsattr
/usr/bin/lsblk
/usr/bin/lsb_release
/usr/bin/lscpu
/usr/bin/lsfd
/usr/bin/lsinitramfs
/usr/bin/lsipc
/usr/bin/lsirq
/usr/bin/lslocks
/usr/bin/lslogins
/usr/bin/lsmem
/usr/bin/lsmod
/usr/bin/lsns
/usr/bin/lsof
/usr/bin/lspci
/usr/bin/lsusb

echo $HIST [tab] [tab] || compgen -v | grep "^HIST" >> eltex-v14_part.log

HISTCMD
HISTCONTROL
HISTFILE
HISTFILESIZE
HISTSIZE

echo $HISTFILESIZE

2000

ls -d ~/.*

/home/eltex-v14/.bash_history
/home/eltex-v14/.bash_logout
/home/eltex-v14/.bashrc
/home/eltex-v14/.config
/home/eltex-v14/.log
/home/eltex-v14/.profile
/home/eltex-v14/.ssh
/home/eltex-v14/.viminfo

export HISTTIMEFORMAT="%F %T"

  318  2026-07-09 19:32:12echo "" >> eltex-v14_part.log && echo "ls -d ~/.*" >> eltex-v14_part.log && echo "" >> eltex-v14_part.log && ls -d ~/.* >> eltex-v14_part.log 
  319  2026-07-09 19:32:15vi eltex-v14_part.log 
  320  2026-07-09 19:34:25export HISTTIMEFORMAT = "%F %T"
  321  2026-07-09 19:34:37export HISTTIMEFORMAT="%F %T"
  322  2026-07-09 19:34:45echo "" >> eltex-v14_part.log 
  323  2026-07-09 19:37:55echo "export HISTTIMEFORMAT=\"%F %T\"" >> eltex-v14_part.log 
  324  2026-07-09 19:37:57vi eltex-v14_part.log 
  325  2026-07-09 19:38:26history 10
  326  2026-07-09 19:38:41echo "" >> eltex-v14_part.log 
  327  2026-07-09 19:39:01history 10 >> eltex-v14_part.log 

date

Fri Jul 10 03:16:11 AM +07 2026

history | tail -5

  388  echo $PROMT_COMMAND
  389  date
  390  history | tail -5
  391  tail -5 ~/.bash_history
  392  echo "$(history | tail -5)" >> eltex-v14_part.log 

tail -5 ~/.bash_history

script -q practice2_${USER}_part1.log
screen -ls
screen -ls
screen -S $(whoami)_par2
screen -S $(whoami)_part2

export PROMPT_COMMAND="history -a"

echo $PROMPT_COMMAND

history -a

whoami

eltex-v14

tail -5 ~/.bash_history | grep whoami

whoami
tail -5 ~/.bash_history | grep whoami

DATE=$(date +%Y-%m-%d)

echo $DATE

2026-07-10

TIME=$(date +%H:%M:%S)

echo $TIME

04:52:39

DATE_TIME="$DATE $TIME"

echo $DATE_TIME

2026-07-10 04:52:39

ls /bin /sbin | grep "[0-9]"

addr2line
b2sum
base32
base64
bunzip2
bzip2
bzip2recover
c89
c89-gcc
c99
c99-gcc
cpan5.36-x86_64-linux-gnu
cpp-12
diff3
enc2xs
gcc-12
gcc-ar-12
gcc-nm-12
gcc-ranlib-12
gcov-12
gcov-dump-12
gcov-tool-12
grub-menulst2cfg
grub-mkpasswd-pbkdf2
grub-syslinux2cfg
h2ph
h2xs
i386
linux32
linux64
lto-dump-12
md5sum
md5sum.textutils
pdb3
pdb3.11
perl5.36.0
perl5.36-x86_64-linux-gnu
ping4
ping6
pl2pm
pod2html
pod2man
pod2text
pod2usage
py3clean
py3compile
py3versions
pydoc3
pydoc3.11
pygettext3
pygettext3.11
python3
python3.11
sha1sum
sha224sum
sha256sum
sha384sum
sha512sum
ssh-argv0
systemd-id128
traceroute6
traceroute6.db
x86_64
x86_64-linux-gnu-addr2line
x86_64-linux-gnu-ar
x86_64-linux-gnu-as
x86_64-linux-gnu-c++filt
x86_64-linux-gnu-cpp
x86_64-linux-gnu-cpp-12
x86_64-linux-gnu-dwp
x86_64-linux-gnu-elfedit
x86_64-linux-gnu-gcc
x86_64-linux-gnu-gcc-12
x86_64-linux-gnu-gcc-ar
x86_64-linux-gnu-gcc-ar-12
x86_64-linux-gnu-gcc-nm
x86_64-linux-gnu-gcc-nm-12
x86_64-linux-gnu-gcc-ranlib
x86_64-linux-gnu-gcc-ranlib-12
x86_64-linux-gnu-gcov
x86_64-linux-gnu-gcov-12
x86_64-linux-gnu-gcov-dump
x86_64-linux-gnu-gcov-dump-12
x86_64-linux-gnu-gcov-tool
x86_64-linux-gnu-gcov-tool-12
x86_64-linux-gnu-gold
x86_64-linux-gnu-gp-archive
x86_64-linux-gnu-gp-collect-app
x86_64-linux-gnu-gp-display-html
x86_64-linux-gnu-gp-display-src
x86_64-linux-gnu-gp-display-text
x86_64-linux-gnu-gprof
x86_64-linux-gnu-gprofng
x86_64-linux-gnu-ld
x86_64-linux-gnu-ld.bfd
x86_64-linux-gnu-ld.gold
x86_64-linux-gnu-lto-dump
x86_64-linux-gnu-lto-dump-12
x86_64-linux-gnu-nm
x86_64-linux-gnu-objcopy
x86_64-linux-gnu-objdump
x86_64-linux-gnu-ranlib
x86_64-linux-gnu-readelf
x86_64-linux-gnu-size
x86_64-linux-gnu-strings
x86_64-linux-gnu-strip
dumpe2fs
e2freefrag
e2fsck
e2image
e2label
e2mmpstatus
e2scrub
e2scrub_all
e2undo
e4crypt
e4defrag
fsck.ext2
fsck.ext3
fsck.ext4
killall5
mke2fs
mkfs.ext2
mkfs.ext3
mkfs.ext4
resize2fs
tune2fs
update-grub2

PS1="\u@\h-\$(date +%H:%M)> "

eltex-v14@eltex-2026-summer-05:16>

export PS1

echo "PS1 = $PS1"

bash --norc

mkdir -p ~/$(date +%Y)-{01..12}

/home/eltex-v14/2026-01 /home/eltex-v14/2026-02 /home/eltex-v14/2026-03 /home/eltex-v14/2026-04 /home/eltex-v14/2026-05 /home/eltex-v14/2026-06 /home/eltex-v14/2026-07 /home/eltex-v14/2026-08 /home/eltex-v14/2026-09 /home/eltex-v14/2026-10 /home/eltex-v14/2026-11 /home/eltex-v14/2026-12
