--- MODUL 1 PRACTICE 2 PART 1 ---



ssh-keygen 

Generating public/private rsa key pair.
Enter file in which to save the key (/home/eltex-v14/.ssh/id_rsa): 
/home/eltex-v14/.ssh/id_rsa already exists.
Overwrite (y/n)? y
Enter passphrase (empty for no passphrase): 
Enter same passphrase again: 
Your identification has been saved in /home/eltex-v14/.ssh/id_rsa
Your public key has been saved in /home/eltex-v14/.ssh/id_rsa.pub
The key fingerprint is:
SHA256:OBV3sDtmoOdK+UvluDcPhHohHDzaJg2MFYGOEEEI5U0 eltex-v14@eltex-2026-summer
The key's randomart image is:
+---[RSA 3072]----+
|B=..Eo  . o..    |
|o..* .   o o     |
|.oo + + o .      |
|. .  * * o .     |
|    o X S B      |
|     o B O .     |
|      + = o      |
|     . = .o.     |
|      . +o o.    |
+----[SHA256]-----+



ssh-copy-id -i /home/eltex-v14/.ssh/id_rsa.pub root@172.16.9.188

/usr/bin/ssh-copy-id: INFO: Source of key(s) to be installed: "/home/eltex-v14/.ssh/id_rsa.pub"
/usr/bin/ssh-copy-id: INFO: attempting to log in with the new key(s), to filter out any that are already installed
/usr/bin/ssh-copy-id: INFO: 1 key(s) remain to be installed -- if you are prompted now it is to install the new keys
root@172.16.9.188's password: 

Number of key(s) added: 1

Now try logging into the machine, with:   "ssh 'root@172.16.9.188'"
and check to make sure that only the key(s) you wanted were added.



ssh root@172.16.9.188

Welcome to Ubuntu 24.04.2 LTS (GNU/Linux 6.8.0-134-generic x86_64)

 * Documentation:  https://help.ubuntu.com
 * Management:     https://landscape.canonical.com
 * Support:        https://ubuntu.com/pro

 System information as of Sat Jul 11 11:03:13 AM UTC 2026

  System load:  0.0                Processes:              113
  Usage of /:   41.3% of 14.66GB   Users logged in:        0
  Memory usage: 7%                 IPv4 address for ens18: 172.16.9.188
  Swap usage:   0%


Expanded Security Maintenance for Applications is not enabled.

76 updates can be applied immediately.
1 of these updates is a standard security update.
To see these additional updates run: apt list --upgradable

Enable ESM Apps to receive additional future security updates.
See https://ubuntu.com/esm or run: sudo pro status


Last login: Wed Jul  8 06:05:04 2026 from 172.16.8.4

root@eltex-practice2-v14:~# ls -la /root/.ssh/

total 12
drwx------ 2 root root 4096 Mar 12  2025 .
drwx------ 5 root root 4096 Jul  8 05:55 ..
-rw------- 1 root root 1743 Jul 11 11:03 authorized_keys



useradd -m -s /bin/bash user1

useradd: user 'user1' already exists
root@eltex-practice2-v14:~# passwd user1
New password: 
Retype new password: 
passwd: password updated successfully



adduser user2

info: Adding user `user2' ...
info: Selecting UID/GID from range 1000 to 59999 ...
info: Adding new group `user2' (1002) ...
info: Adding new user `user2' (1002) with group `user2 (1002)' ...
warn: The home directory `/home/user2' already exists.  Not touching this directory.
New password: 
Retype new password: 
passwd: password updated successfully
Changing the user information for user2
Enter the new value, or press ENTER for the default
	Full Name []: 
	Room Number []: 
	Work Phone []: 
	Home Phone []: 
	Other []: 
Is the information correct? [Y/n] Y
info: Adding new user `user2' to supplemental / extra groups `users' ...
info: Adding user `user2' to group `users' …

adduser user3

info: Adding user `user3' ...
info: Selecting UID/GID from range 1000 to 59999 ...
info: Adding new group `user3' (1003) ...
info: Adding new user `user3' (1003) with group `user3 (1003)' ...
warn: The home directory `/home/user3' already exists.  Not touching this directory.
New password: 
Retype new password: 
passwd: password updated successfully
Changing the user information for user3
Enter the new value, or press ENTER for the default
	Full Name []: 
	Room Number []: 
	Work Phone []: 
	Home Phone []: 
	Other []: 
Is the information correct? [Y/n] Y
info: Adding new user `user3' to supplemental / extra groups `users' ...
info: Adding user `user3' to group `users' …



usermod -s /usr/sbin/nologin user3

su user3

This account is currently not available.

su -s /bin/bash user3

user3@eltex-practice2-v14:/root$

exit



groupadd mygroup

usermod -aG mygroup user1
usermod -aG mygroup user2
usermod -aG mygroup user3

groups user1

user1 : user1 mygroup

groups user2

user2 : user2 users mygroup

groups user3

user3 : user3 users mygroup



mkdir -p /opt/share/

chown :mygroup /opt/share

chmod g+s /opt/share

chmod g=rwx /opt/share

ls -ld /opt/share

drwxrws--- 2 root mygroup 4096 Jul  8 06:11 /opt/share



echo "umask 027" >> /home/user1/.bashrc

tail -1 /home/user1/.bashrc

umask 027



su - user1

touch /opt/share/user1_file.txt

exit

su - user2

touch /opt/share/user2_file.txt

exit

su -s /bin/bash user3

touch /opt/share/user3_file.txt

exit

root@eltex-practice2-v14:~# ls -la /opt/share/

total 8
drwxrws--- 2 root  mygroup 4096 Jul 11 11:32 .
drwxr-xr-x 3 root  root    4096 Jul  8 05:25 ..
-rw-r----- 1 user1 mygroup    0 Jul 11 11:30 user1_file.txt
-rw-rw-r-- 1 user2 mygroup    0 Jul 11 11:30 user2_file.txt
-rw-rw-r-- 1 user3 mygroup    0 Jul 11 11:32 user3_file.txt


su - user1 -c "rm -f /opt/share/user2_file.txt"

Password:

ls -la /opt/share/

total 8
drwxrws--- 2 root  mygroup 4096 Jul 11 11:35 .
drwxr-xr-x 3 root  root    4096 Jul  8 05:25 ..
-rw-r----- 1 user1 mygroup    0 Jul 11 11:30 user1_file.txt
-rw-rw-r-- 1 user3 mygroup    0 Jul 11 11:32 user3_file.txt



chmod +t /opt/share

ls -ld /opt/share/

drwxrws--T 2 root mygroup 4096 Jul 11 11:35 /opt/share/

su - user2 -c "touch /opt/share/user2_file2.txt"

su - user1 -c "rm -f /opt/share/user2_file2.txt"

Password:

rm: cannot remove '/opt/share/user2_file2.txt': Operation not permitted



visudo 
visudo: /etc/sudoers.tmp unchanged 
su - user1 -c "sudo dmesg | head -5" 
[    0.000000] Linux version 6.8.0-134-generic (buildd@lcy02-amd64-007) (x86_64-linux-gnu-gcc-13 (Ubuntu 13.3.0-6ubuntu2~24.04.1) 13.3.0, GNU ld (GNU Binutils for Ubuntu) 2.42) #134-Ubuntu SMP PREEMPT_DYNAMIC Fri Jun 26 18:43:11 UTC 2026 (Ubuntu 6.8.0-134.134-generic 6.8.12) [ 0.000000] Command line: BOOT_IMAGE=/vmlinuz-6.8.0-134-generic root=/dev/mapper/ubuntu--vg-ubuntu--lv ro [    0.000000] KERNEL supported cpus: [    0.000000]   Intel GenuineIntel [    0.000000] AMD AuthenticAMD


nano /usr/local/bin/dmesg_script.sh

#!/bin/bash
/usr/bin/dmesg

chmod u+s /usr/local/bin/dmesg_script.sh
chmod 4755 /usr/local/bin/dmesg_script.sh

su - user2 -c "/usr/local/bin/dmesg_script.sh | head -5" 

dmesg: read kernel buffer failed: Operation not permitted r
sysctl -w kernel.dmesg_restrict=0 
kernel.dmesg_restrict = 0 

su - user2 -c "/usr/local/bin/dmesg_script.sh | head -5" 
[    0.000000] Linux version 6.8.0-134-generic (buildd@lcy02-amd64-007) (x86_64-linux-gnu-gcc-13 (Ubuntu 13.3.0-6ubuntu2~24.04.1) 13.3.0, GNU ld (GNU Binutils for Ubuntu) 2.42) #134-Ubuntu SMP PREEMPT_DYNAMIC Fri Jun 26 18:43:11 UTC 2026 (Ubuntu 6.8.0-134.134-generic 6.8.12) [ 0.000000] Command line: BOOT_IMAGE=/vmlinuz-6.8.0-134-generic root=/dev/mapper/ubuntu--vg-ubuntu--lv ro [    0.000000] KERNEL supported cpus: [    0.000000]   Intel GenuineIntel [    0.000000] AMD AuthenticAMD



chage -M 10 user1
chage -M 10 user2
chage -M 10 user3
chage -l user1 | grep "Password expires" 

Password expires					: Jul 21, 2026



nano /etc/motd
cat /etc/motd

Грищенко Максим



rsync -av /etc/ /root/etc_backup/ 
sending incremental file list created directory
 /root/etc_backup ./ .pwd.lock .resolv.conf.systemd-resolved.bak .updated adduser.conf bash.bashrc bash_completion bindresvport.blacklist ca-certificates.conf 
...
 xml/catalog xml/catalog.old xml/polkitd.xml xml/polkitd.xml.old xml/xml-core.xml xml/xml-core.xml.old
sent 2,415,420 bytes  received 19,264 bytes  1,623,122.67 bytes/sec total size is 2,332,299  speedup is 0.96



tar -czf /root/etc_backup.tar.gz /root/etc_backup/

7z a /root/etc_backup.7z /root/etc_backup/

tar -cjf /root/etc_backup.tar.bz2 /root/etc_backup/
tar: Removing leading `/' from member names

ls -lh /root/etc_backup.* 

-rw-r--r-- 1 root root 4.5M Jul 11 12:18 /root/etc_backup.7z 
-rw-r--r-- 1 root root 526K Jul 11 12:20 /root/etc_backup.tar.bz2 
-rw-r--r-- 1 root root 564K Jul 11 12:17 /root/etc_backup.tar.gz



tar -czf /root/etc_backup.tar.gz /root/etc_backup/ 
tar: Removing leading `/' from member names 
tar -tzf /root/etc_backup.tar.gz | grep motd 
root/etc_backup/systemd/system/timers.target.wants/motd-news.timer root/etc_backup/systemd/system/timers.target.wants/update-notifier-motd.timer root/etc_backup/update-motd.d/ root/etc_backup/update-motd.d/98-fsck-at-reboot root/etc_backup/update-motd.d/95-hwe-eol root/etc_backup/update-motd.d/97-overlayroot root/etc_backup/update-motd.d/98-reboot-required root/etc_backup/update-motd.d/10-help-text root/etc_backup/update-motd.d/92-unattended-upgrades root/etc_backup/update-motd.d/00-header root/etc_backup/update-motd.d/50-motd-news root/etc_backup/update-motd.d/50-landscape-sysinfo root/etc_backup/update-motd.d/91-contract-ua-esm-status root/etc_backup/update-motd.d/85-fwupd root/etc_backup/update-motd.d/90-updates-available root/etc_backup/update-motd.d/91-release-upgrade root/etc_backup/motd root/etc_backup/default/motd-news



tar -tjf /root/etc_backup.tar.bz2 | head -10
root/etc_backup/ root/etc_backup/rc4.d/ root/etc_backup/rc4.d/S01uuidd root/etc_backup/rc4.d/S01grub-common root/etc_backup/rc4.d/S01rsync root/etc_backup/rc4.d/S01plymouth root/etc_backup/rc4.d/S01dbus root/etc_backup/rc4.d/S01sysstat root/etc_backup/rc4.d/S01console-setup.sh root/etc_backup/rc4.d/S01open-vm-tools
ls /root/etc_backup/ | head
-10 adduser.conf alternatives apparmor apparmor.d apport apt bash.bashrc bash_completion bash_completion.d bindresvport.blacklist



ls -la /root/etc_backup_gzip/root/etc_backup/motd 
-rw-r--r-- 1 root root 101 Jul 11 12:26 /root/etc_backup_gzip/root/etc_backup/motd 
ls -la /root/etc_backup_7zip/etc_backup/motd 
-rw-r--r-- 1 root root 30 Jul 11 12:13 /root/etc_backup_7zip/etc_backup/motd 
diff /root/etc_backup_gzip/root/etc_backup/motd /root/etc_backup_7zip/etc_backup/motd 2d1 
< Текущая дата и время: Sat Jul 11 12:26:31 PM UTC 2026 
cat /root/etc_backup_gzip/root/etc_backup/motd 
Грищенко Максим 
Текущая дата и время: Sat Jul 11 12:26:31 PM UTC 2026 
cat /root/etc_backup_7zip/etc_backup/motd
Грищенко Максим
Текущая дата и время: Sat Jul 11 12:26:31 PM UTC 2026  
